#
# A fatal error has been detected by the Java Runtime Environment:
#
#  EXCEPTION_ACCESS_VIOLATION (0xc0000005) at pc=0x000000005b8de580, pid=6292, tid=592
#
# JRE version: Java(TM) SE Runtime Environment (8.0_60-b27) (build 1.8.0_60-b27)
# Java VM: Java HotSpot(TM) 64-Bit Server VM (25.60-b23 mixed mode windows-amd64 compressed oops)
# Problematic frame:
# V  [jvm.dll+0xae580]
#
# Failed to write core dump. Minidumps are not enabled by default on client versions of Windows
#
# If you would like to submit a bug report, please visit:
#   http://bugreport.java.com/bugreport/crash.jsp
#

---------------  T H R E A D  ---------------

Current thread (0x0000000002526000):  GCTaskThread [stack: 0x0000000013330000,0x0000000013430000] [id=592]

siginfo: ExceptionCode=0xc0000005, reading address 0x0000000000000050

Registers:
RAX=0x0000000013640000, RBX=0x00000007081e2138, RCX=0x00000007081e2138, RDX=0x0000000000000048
RSP=0x000000001342f3e8, RBP=0x000000001c710020, RSI=0x00000007001a91f8, RDI=0x00000007081e2138
R8 =0x0000000000231f10, R9 =0x000000001c710020, R10=0x000000000001ed07, R11=0x00000007001e2148
R12=0x00000007001a9480, R13=0x0000000000002600, R14=0x000000070019fc70, R15=0x00000000000032b1
RIP=0x000000005b8de580, EFLAGS=0x0000000000010206

Top of Stack: (sp=0x000000001342f3e8)
0x000000001342f3e8:   000000005b9398e7 00000007001e2148
0x000000001342f3f8:   000000001c710020 00000007001a91f4
0x000000001342f408:   0000000000000002 00000007081e2138
0x000000001342f418:   000000005b96899a 000000000000002d
0x000000001342f428:   000000005b942fda 00000007c00a0bd8
0x000000001342f438:   000000005bc21549 000000001c710020
0x000000001342f448:   000000005ba4b1f2 0000000000000000
0x000000001342f458:   0000000002526650 000000000251a820
0x000000001342f468:   0000000000002400 000000000000002d
0x000000001342f478:   000000005bc2237a 000000001c710020
0x000000001342f488:   000000070019fc70 000000005be795d8
0x000000001342f498:   000008b70000002d 000176c20001ebaa
0x000000001342f4a8:   000176c30001ebaa 00000007001a1c7c
0x000000001342f4b8:   000000070019fc70 0000000700002400
0x000000001342f4c8:   000000005b968a11 000000001c710410
0x000000001342f4d8:   00002b07000000cd 0000000002526000 

Instructions: (pc=0x000000005b8de580)
0x000000005b8de560:   ec a6 1d 00 48 8b 9c 24 d0 00 00 00 48 81 c4 c0
0x000000005b8de570:   00 00 00 5d c3 cc cc cc cc cc cc cc cc cc cc cc
0x000000005b8de580:   44 8b 42 08 4c 8b ca 45 85 c0 7e 0e 41 f6 c0 01
0x000000005b8de590:   75 57 41 c1 f8 03 41 8b c0 c3 79 4d 80 3d ce 1c 


Register to memory mapping:

RAX=0x0000000013640000 is an unknown value
RBX=0x00000007081e2138 is pointing into object: 0x00000007081e2128
java.lang.String 
 - klass: 'java/lang/String'
RCX=0x00000007081e2138 is pointing into object: 0x00000007081e2128
java.lang.String 
 - klass: 'java/lang/String'
RDX=0x0000000000000048 is an unknown value
RSP=0x000000001342f3e8 is an unknown value
RBP=0x000000001c710020 is an unknown value
RSI=0x00000007001a91f8 is pointing into object: 0x000000070019fc70
[[Ledu.stanford.nlp.parser.lexparser.BinaryRule; 
 - klass: 'edu/stanford/nlp/parser/lexparser/BinaryRule'[][]
 - length: 12977
RDI=0x00000007081e2138 is pointing into object: 0x00000007081e2128
java.lang.String 
 - klass: 'java/lang/String'
R8 =0x0000000000231f10 is an unknown value
R9 =0x000000001c710020 is an unknown value
R10=0x000000000001ed07 is an unknown value
R11=0x00000007001e2148 is an oop
[Ledu.stanford.nlp.parser.lexparser.BinaryRule; 
 - klass: 'edu/stanford/nlp/parser/lexparser/BinaryRule'[]
 - length: 0
R12=0x00000007001a9480 is pointing into object: 0x000000070019fc70
[[Ledu.stanford.nlp.parser.lexparser.BinaryRule; 
 - klass: 'edu/stanford/nlp/parser/lexparser/BinaryRule'[][]
 - length: 12977
R13=0x0000000000002600 is an unknown value
R14=0x000000070019fc70 is an oop
[[Ledu.stanford.nlp.parser.lexparser.BinaryRule; 
 - klass: 'edu/stanford/nlp/parser/lexparser/BinaryRule'[][]
 - length: 12977
R15=0x00000000000032b1 is an unknown value


Stack: [0x0000000013330000,0x0000000013430000],  sp=0x000000001342f3e8,  free space=1020k
Native frames: (J=compiled Java code, j=interpreted, Vv=VM code, C=native code)
V  [jvm.dll+0xae580]


---------------  P R O C E S S  ---------------

Java Threads: ( => current thread )
  0x000000001d68a000 JavaThread "Service Thread" daemon [_thread_blocked, id=1096, stack(0x000000001f4b0000,0x000000001f5b0000)]
  0x000000001d622800 JavaThread "C1 CompilerThread3" daemon [_thread_blocked, id=7424, stack(0x000000001f240000,0x000000001f340000)]
  0x000000001d602000 JavaThread "C2 CompilerThread2" daemon [_thread_blocked, id=4144, stack(0x000000001efc0000,0x000000001f0c0000)]
  0x000000001d5f5000 JavaThread "C2 CompilerThread1" daemon [_thread_blocked, id=2764, stack(0x000000001f0d0000,0x000000001f1d0000)]
  0x000000001d5ec800 JavaThread "C2 CompilerThread0" daemon [_thread_blocked, id=7244, stack(0x000000001ee40000,0x000000001ef40000)]
  0x000000001d5e1000 JavaThread "Attach Listener" daemon [_thread_blocked, id=6380, stack(0x000000001ec90000,0x000000001ed90000)]
  0x000000001d5e0000 JavaThread "Signal Dispatcher" daemon [_thread_blocked, id=6600, stack(0x000000001eb30000,0x000000001ec30000)]
  0x000000001c73e000 JavaThread "Finalizer" daemon [_thread_blocked, id=6632, stack(0x000000001e910000,0x000000001ea10000)]
  0x000000001c737000 JavaThread "Reference Handler" daemon [_thread_blocked, id=7816, stack(0x000000001e740000,0x000000001e840000)]
  0x00000000025ce800 JavaThread "main" [_thread_blocked, id=7324, stack(0x00000000026f0000,0x00000000027f0000)]

Other Threads:
  0x000000001c730800 VMThread [stack: 0x000000001e590000,0x000000001e690000] [id=1992]
  0x000000001d6d0800 WatcherThread [stack: 0x000000001f620000,0x000000001f720000] [id=4260]

=>0x0000000002526000 (exited) GCTaskThread [stack: 0x0000000013330000,0x0000000013430000] [id=592]

VM state:at safepoint (normal execution)

VM Mutex/Monitor currently owned by a thread:  ([mutex/lock_event])
[0x00000000025ccbe0] Threads_lock - owner thread: 0x000000001c730800
[0x00000000025cd0e0] Heap_lock - owner thread: 0x00000000025ce800

Heap:
 PSYoungGen      total 908800K, used 462848K [0x000000076b500000, 0x00000007bf000000, 0x00000007c0000000)
  eden space 462848K, 100% used [0x000000076b500000,0x0000000787900000,0x0000000787900000)
  from space 445952K, 0% used [0x00000007a3c80000,0x00000007a3c80000,0x00000007bf000000)
  to   space 454144K, 0% used [0x0000000787900000,0x0000000787900000,0x00000007a3480000)
 ParOldGen       total 2776064K, used 2687142K [0x00000006c1e00000, 0x000000076b500000, 0x000000076b500000)
  object space 2776064K, 96% used [0x00000006c1e00000,0x0000000765e29ae8,0x000000076b500000)
 Metaspace       used 10303K, capacity 10642K, committed 10880K, reserved 1058816K
  class space    used 1064K, capacity 1137K, committed 1152K, reserved 1048576K

Card table byte_map: [0x0000000011bb0000,0x00000000123b0000] byte_map_base: 0x000000000e5a1000

Marking Bits: (ParMarkBitMap*) 0x000000005c03a5b0
 Begin Bits: [0x0000000013640000, 0x00000000175c8000)
 End Bits:   [0x00000000175c8000, 0x000000001b550000)

Polling page: 0x00000000000b0000

CodeCache: size=245760Kb used=8894Kb max_used=8894Kb free=236865Kb
 bounds [0x00000000027f0000, 0x00000000030b0000, 0x00000000117f0000]
 total_blobs=2349 nmethods=2023 adapters=238
 compilation: enabled

Compilation events (10 events):
Event: 50.203 Thread 0x000000001d622800 2038       3       edu.stanford.nlp.semgraph.semgrex.GraphRelation$SearchNodeIterator::initialize (5 bytes)
Event: 50.203 Thread 0x000000001d622800 nmethod 2038 0x0000000003095410 code [0x0000000003095580, 0x0000000003095788]
Event: 50.203 Thread 0x000000001d622800 2039       3       edu.stanford.nlp.semgraph.SemanticGraph::outgoingEdgeIterator (9 bytes)
Event: 50.203 Thread 0x000000001d622800 nmethod 2039 0x00000000030a4110 code [0x00000000030a4280, 0x00000000030a44e8]
Event: 50.203 Thread 0x000000001d622800 2040       3       edu.stanford.nlp.graph.DirectedMultiGraph::outgoingEdgeIterator (13 bytes)
Event: 50.203 Thread 0x000000001d622800 nmethod 2040 0x00000000030a4610 code [0x00000000030a4780, 0x00000000030a4988]
Event: 50.203 Thread 0x000000001d622800 2043       3       edu.stanford.nlp.semgraph.SemanticGraphEdge::getDependent (5 bytes)
Event: 50.203 Thread 0x000000001d622800 nmethod 2043 0x00000000030a4a50 code [0x00000000030a4ba0, 0x00000000030a4d10]
Event: 50.204 Thread 0x000000001d622800 2045       3       edu.stanford.nlp.ling.CoreLabel::setWord (47 bytes)
Event: 50.204 Thread 0x000000001d622800 nmethod 2045 0x00000000030a4d90 code [0x00000000030a4f60, 0x00000000030a58e8]

GC Heap History (10 events):
Event: 23.377 GC heap after
Heap after GC invocations=18 (full 4):
 PSYoungGen      total 925184K, used 244832K [0x000000076b500000, 0x00000007c0000000, 0x00000007c0000000)
  eden space 462848K, 0% used [0x000000076b500000,0x000000076b500000,0x0000000787900000)
  from space 462336K, 52% used [0x00000007a3c80000,0x00000007b2b98010,0x00000007c0000000)
  to   space 462336K, 0% used [0x0000000787900000,0x0000000787900000,0x00000007a3c80000)
 ParOldGen       total 2230784K, used 2036830K [0x00000006c1e00000, 0x000000074a080000, 0x000000076b500000)
  object space 2230784K, 91% used [0x00000006c1e00000,0x000000073e3178b8,0x000000074a080000)
 Metaspace       used 7114K, capacity 7338K, committed 7552K, reserved 1056768K
  class space    used 739K, capacity 801K, committed 896K, reserved 1048576K
}
Event: 23.377 GC heap before
{Heap before GC invocations=19 (full 5):
 PSYoungGen      total 925184K, used 244832K [0x000000076b500000, 0x00000007c0000000, 0x00000007c0000000)
  eden space 462848K, 0% used [0x000000076b500000,0x000000076b500000,0x0000000787900000)
  from space 462336K, 52% used [0x00000007a3c80000,0x00000007b2b98010,0x00000007c0000000)
  to   space 462336K, 0% used [0x0000000787900000,0x0000000787900000,0x00000007a3c80000)
 ParOldGen       total 2230784K, used 2036830K [0x00000006c1e00000, 0x000000074a080000, 0x000000076b500000)
  object space 2230784K, 91% used [0x00000006c1e00000,0x000000073e3178b8,0x000000074a080000)
 Metaspace       used 7114K, capacity 7338K, committed 7552K, reserved 1056768K
  class space    used 739K, capacity 801K, committed 896K, reserved 1048576K
Event: 27.793 GC heap after
Heap after GC invocations=19 (full 5):
 PSYoungGen      total 925184K, used 44483K [0x000000076b500000, 0x00000007c0000000, 0x00000007c0000000)
  eden space 462848K, 0% used [0x000000076b500000,0x000000076b500000,0x0000000787900000)
  from space 462336K, 9% used [0x00000007a3c80000,0x00000007a67f0c98,0x00000007c0000000)
  to   space 462336K, 0% used [0x0000000787900000,0x0000000787900000,0x00000007a3c80000)
 ParOldGen       total 2776064K, used 2230435K [0x00000006c1e00000, 0x000000076b500000, 0x000000076b500000)
  object space 2776064K, 80% used [0x00000006c1e00000,0x000000074a028d28,0x000000076b500000)
 Metaspace       used 7114K, capacity 7338K, committed 7552K, reserved 1056768K
  class space    used 739K, capacity 801K, committed 896K, reserved 1048576K
}
Event: 28.728 GC heap before
{Heap before GC invocations=20 (full 5):
 PSYoungGen      total 925184K, used 507331K [0x000000076b500000, 0x00000007c0000000, 0x00000007c0000000)
  eden space 462848K, 100% used [0x000000076b500000,0x0000000787900000,0x0000000787900000)
  from space 462336K, 9% used [0x00000007a3c80000,0x00000007a67f0c98,0x00000007c0000000)
  to   space 462336K, 0% used [0x0000000787900000,0x0000000787900000,0x00000007a3c80000)
 ParOldGen       total 2776064K, used 2230435K [0x00000006c1e00000, 0x000000076b500000, 0x000000076b500000)
  object space 2776064K, 80% used [0x00000006c1e00000,0x000000074a028d28,0x000000076b500000)
 Metaspace       used 7114K, capacity 7338K, committed 7552K, reserved 1056768K
  class space    used 739K, capacity 801K, committed 896K, reserved 1048576K
Event: 29.079 GC heap after
Heap after GC invocations=20 (full 5):
 PSYoungGen      total 925184K, used 229440K [0x000000076b500000, 0x00000007c0000000, 0x00000007c0000000)
  eden space 462848K, 0% used [0x000000076b500000,0x000000076b500000,0x0000000787900000)
  from space 462336K, 49% used [0x0000000787900000,0x0000000795910020,0x00000007a3c80000)
  to   space 462336K, 0% used [0x00000007a3c80000,0x00000007a3c80000,0x00000007c0000000)
 ParOldGen       total 2776064K, used 2274971K [0x00000006c1e00000, 0x000000076b500000, 0x000000076b500000)
  object space 2776064K, 81% used [0x00000006c1e00000,0x000000074cba6d28,0x000000076b500000)
 Metaspace       used 7114K, capacity 7338K, committed 7552K, reserved 1056768K
  class space    used 739K, capacity 801K, committed 896K, reserved 1048576K
}
Event: 31.964 GC heap before
{Heap before GC invocations=21 (full 5):
 PSYoungGen      total 925184K, used 692288K [0x000000076b500000, 0x00000007c0000000, 0x00000007c0000000)
  eden space 462848K, 100% used [0x000000076b500000,0x0000000787900000,0x0000000787900000)
  from space 462336K, 49% used [0x0000000787900000,0x0000000795910020,0x00000007a3c80000)
  to   space 462336K, 0% used [0x00000007a3c80000,0x00000007a3c80000,0x00000007c0000000)
 ParOldGen       total 2776064K, used 2274971K [0x00000006c1e00000, 0x000000076b500000, 0x000000076b500000)
  object space 2776064K, 81% used [0x00000006c1e00000,0x000000074cba6d28,0x000000076b500000)
 Metaspace       used 7117K, capacity 7338K, committed 7552K, reserved 1056768K
  class space    used 739K, capacity 801K, committed 896K, reserved 1048576K
Event: 32.400 GC heap after
Heap after GC invocations=21 (full 5):
 PSYoungGen      total 908800K, used 189792K [0x000000076b500000, 0x00000007bf000000, 0x00000007c0000000)
  eden space 462848K, 0% used [0x000000076b500000,0x000000076b500000,0x0000000787900000)
  from space 445952K, 42% used [0x00000007a3c80000,0x00000007af5d8000,0x00000007bf000000)
  to   space 454144K, 0% used [0x0000000787900000,0x0000000787900000,0x00000007a3480000)
 ParOldGen       total 2776064K, used 2504551K [0x00000006c1e00000, 0x000000076b500000, 0x000000076b500000)
  object space 2776064K, 90% used [0x00000006c1e00000,0x000000075abd9e18,0x000000076b500000)
 Metaspace       used 7117K, capacity 7338K, committed 7552K, reserved 1056768K
  class space    used 739K, capacity 801K, committed 896K, reserved 1048576K
}
Event: 32.400 GC heap before
{Heap before GC invocations=22 (full 6):
 PSYoungGen      total 908800K, used 189792K [0x000000076b500000, 0x00000007bf000000, 0x00000007c0000000)
  eden space 462848K, 0% used [0x000000076b500000,0x000000076b500000,0x0000000787900000)
  from space 445952K, 42% used [0x00000007a3c80000,0x00000007af5d8000,0x00000007bf000000)
  to   space 454144K, 0% used [0x0000000787900000,0x0000000787900000,0x00000007a3480000)
 ParOldGen       total 2776064K, used 2504551K [0x00000006c1e00000, 0x000000076b500000, 0x000000076b500000)
  object space 2776064K, 90% used [0x00000006c1e00000,0x000000075abd9e18,0x000000076b500000)
 Metaspace       used 7117K, capacity 7338K, committed 7552K, reserved 1056768K
  class space    used 739K, capacity 801K, committed 896K, reserved 1048576K
Event: 39.681 GC heap after
Heap after GC invocations=22 (full 6):
 PSYoungGen      total 908800K, used 0K [0x000000076b500000, 0x00000007bf000000, 0x00000007c0000000)
  eden space 462848K, 0% used [0x000000076b500000,0x000000076b500000,0x0000000787900000)
  from space 445952K, 0% used [0x00000007a3c80000,0x00000007a3c80000,0x00000007bf000000)
  to   space 454144K, 0% used [0x0000000787900000,0x0000000787900000,0x00000007a3480000)
 ParOldGen       total 2776064K, used 2687142K [0x00000006c1e00000, 0x000000076b500000, 0x000000076b500000)
  object space 2776064K, 96% used [0x00000006c1e00000,0x0000000765e29ae8,0x000000076b500000)
 Metaspace       used 7117K, capacity 7338K, committed 7552K, reserved 1056768K
  class space    used 739K, capacity 801K, committed 896K, reserved 1048576K
}
Event: 50.211 GC heap before
{Heap before GC invocations=23 (full 7):
 PSYoungGen      total 908800K, used 462848K [0x000000076b500000, 0x00000007bf000000, 0x00000007c0000000)
  eden space 462848K, 100% used [0x000000076b500000,0x0000000787900000,0x0000000787900000)
  from space 445952K, 0% used [0x00000007a3c80000,0x00000007a3c80000,0x00000007bf000000)
  to   space 454144K, 0% used [0x0000000787900000,0x0000000787900000,0x00000007a3480000)
 ParOldGen       total 2776064K, used 2687142K [0x00000006c1e00000, 0x000000076b500000, 0x000000076b500000)
  object space 2776064K, 96% used [0x00000006c1e00000,0x0000000765e29ae8,0x000000076b500000)
 Metaspace       used 10303K, capacity 10642K, committed 10880K, reserved 1058816K
  class space    used 1064K, capacity 1137K, committed 1152K, reserved 1048576K

Deoptimization events (10 events):
Event: 48.631 Thread 0x00000000025ce800 Uncommon trap: reason=unstable_if action=reinterpret pc=0x0000000003002790 method=edu.stanford.nlp.trees.tregex.DescriptionPattern$DescriptionMatcher.removeNamedNodes()V @ 17
Event: 48.643 Thread 0x00000000025ce800 Uncommon trap: reason=unstable_if action=reinterpret pc=0x0000000002b17088 method=java.lang.Integer.equals(Ljava/lang/Object;)Z @ 18
Event: 48.643 Thread 0x00000000025ce800 Uncommon trap: reason=unstable_if action=reinterpret pc=0x0000000002d78630 method=java.util.HashMap.entrySet()Ljava/util/Set; @ 6
Event: 48.645 Thread 0x00000000025ce800 Uncommon trap: reason=class_check action=maybe_recompile pc=0x0000000002c77730 method=java.util.ArrayList.remove(Ljava/lang/Object;)Z @ 56
Event: 48.645 Thread 0x00000000025ce800 Uncommon trap: reason=class_check action=maybe_recompile pc=0x0000000002c77730 method=java.util.ArrayList.remove(Ljava/lang/Object;)Z @ 56
Event: 48.665 Thread 0x00000000025ce800 Uncommon trap: reason=null_check action=make_not_entrant pc=0x0000000002f1f6b4 method=edu.stanford.nlp.parser.lexparser.ExhaustivePCFGParser.initializeChart(Ljava/util/List;)V @ 465
Event: 49.407 Thread 0x00000000025ce800 Uncommon trap: reason=unstable_if action=reinterpret pc=0x00000000030370ac method=edu.stanford.nlp.trees.tregex.DescriptionPattern$DescriptionMatcher.decommitVariableGroups()V @ 26
Event: 49.414 Thread 0x00000000025ce800 Uncommon trap: reason=class_check action=maybe_recompile pc=0x0000000002c77730 method=java.util.ArrayList.remove(Ljava/lang/Object;)Z @ 56
Event: 49.414 Thread 0x00000000025ce800 Uncommon trap: reason=class_check action=maybe_recompile pc=0x0000000002c77730 method=java.util.ArrayList.remove(Ljava/lang/Object;)Z @ 56
Event: 49.438 Thread 0x00000000025ce800 Uncommon trap: reason=null_check action=make_not_entrant pc=0x000000000303d684 method=edu.stanford.nlp.parser.lexparser.ExhaustivePCFGParser.initializeChart(Ljava/util/List;)V @ 465

Internal exceptions (10 events):
Event: 0.036 Thread 0x00000000025ce800 Exception <a 'java/lang/NoSuchMethodError': Method sun.misc.Unsafe.prefetchRead(Ljava/lang/Object;J)V name or signature does not match> (0x000000076b513370) thrown at [C:\re\workspace\8-2-build-windows-amd64-cygwin\jdk8u60\4407\hotspot\src\share\vm\prims\jnæKž‰Ê?
Event: 0.207 Thread 0x00000000025ce800 Exception <a 'java/security/PrivilegedActionException'> (0x000000076c761780) thrown at [C:\re\workspace\8-2-build-windows-amd64-cygwin\jdk8u60\4407\hotspot\src\share\vm\prims\jvm.cpp, line 1386]
Event: 0.207 Thread 0x00000000025ce800 Exception <a 'java/security/PrivilegedActionException'> (0x000000076c761b78) thrown at [C:\re\workspace\8-2-build-windows-amd64-cygwin\jdk8u60\4407\hotspot\src\share\vm\prims\jvm.cpp, line 1386]
Event: 0.208 Thread 0x00000000025ce800 Exception <a 'java/security/PrivilegedActionException'> (0x000000076c765e68) thrown at [C:\re\workspace\8-2-build-windows-amd64-cygwin\jdk8u60\4407\hotspot\src\share\vm\prims\jvm.cpp, line 1386]
Event: 0.208 Thread 0x00000000025ce800 Exception <a 'java/security/PrivilegedActionException'> (0x000000076c766260) thrown at [C:\re\workspace\8-2-build-windows-amd64-cygwin\jdk8u60\4407\hotspot\src\share\vm\prims\jvm.cpp, line 1386]
Event: 4.119 Thread 0x00000000025ce800 Implicit null exception at 0x0000000002be0ceb to 0x0000000002be1169
Event: 29.722 Thread 0x00000000025ce800 Implicit null exception at 0x0000000002d6a7bf to 0x0000000002d6af55
Event: 47.562 Thread 0x00000000025ce800 Exception <a 'java/lang/NoSuchFieldError': method resolution failed> (0x000000077573fcc8) thrown at [C:\re\workspace\8-2-build-windows-amd64-cygwin\jdk8u60\4407\hotspot\src\share\vm\prims\methodHandles.cpp, line 1146]
Event: 47.563 Thread 0x00000000025ce800 Exception <a 'java/lang/NoSuchFieldError': method resolution failed> (0x000000077574d388) thrown at [C:\re\workspace\8-2-build-windows-amd64-cygwin\jdk8u60\4407\hotspot\src\share\vm\prims\methodHandles.cpp, line 1146]
Event: 48.665 Thread 0x00000000025ce800 Implicit null exception at 0x0000000002f1aeff to 0x0000000002f1f691

Events (10 events):
Event: 49.414 Thread 0x00000000025ce800 Uncommon trap: trap_request=0xffffffde fr.pc=0x0000000002c77730
Event: 49.414 Thread 0x00000000025ce800 DEOPT PACKING pc=0x0000000002c77730 sp=0x00000000027eed00
Event: 49.414 Thread 0x00000000025ce800 DEOPT UNPACKING pc=0x000000000283582a sp=0x00000000027eecc8 mode 2
Event: 49.414 Thread 0x00000000025ce800 Uncommon trap: trap_request=0xffffffde fr.pc=0x0000000002c77730
Event: 49.414 Thread 0x00000000025ce800 DEOPT PACKING pc=0x0000000002c77730 sp=0x00000000027eed00
Event: 49.414 Thread 0x00000000025ce800 DEOPT UNPACKING pc=0x000000000283582a sp=0x00000000027eecc8 mode 2
Event: 49.438 Thread 0x00000000025ce800 Uncommon trap: trap_request=0xfffffff4 fr.pc=0x000000000303d684
Event: 49.438 Thread 0x00000000025ce800 DEOPT PACKING pc=0x000000000303d684 sp=0x00000000027eecc0
Event: 49.438 Thread 0x00000000025ce800 DEOPT UNPACKING pc=0x000000000283582a sp=0x00000000027eecb8 mode 2
Event: 50.211 Executing VM operation: ParallelGCFailedAllocation


Dynamic libraries:
0x000000013fca0000 - 0x000000013fcd7000 	C:\Program Files\Java\jdk1.8.0_60\bin\javaw.exe
0x0000000076de0000 - 0x0000000076f8a000 	C:\Windows\SYSTEM32\ntdll.dll
0x0000000076cc0000 - 0x0000000076ddf000 	C:\Windows\system32\kernel32.dll
0x000007fefce90000 - 0x000007fefcefb000 	C:\Windows\system32\KERNELBASE.dll
0x000007fefcf20000 - 0x000007fefcffb000 	C:\Windows\system32\ADVAPI32.dll
0x000007fefdd30000 - 0x000007fefddcf000 	C:\Windows\system32\msvcrt.dll
0x000007fefdc00000 - 0x000007fefdc1f000 	C:\Windows\SYSTEM32\sechost.dll
0x000007fefda40000 - 0x000007fefdb6d000 	C:\Windows\system32\RPCRT4.dll
0x0000000076bc0000 - 0x0000000076cba000 	C:\Windows\system32\USER32.dll
0x000007fefe190000 - 0x000007fefe1f7000 	C:\Windows\system32\GDI32.dll
0x000007fefdb70000 - 0x000007fefdb7e000 	C:\Windows\system32\LPK.dll
0x000007fefe0c0000 - 0x000007fefe18a000 	C:\Windows\system32\USP10.dll
0x000007fefb5c0000 - 0x000007fefb7b4000 	C:\Windows\WinSxS\amd64_microsoft.windows.common-controls_6595b64144ccf1df_6.0.7601.18837_none_fa3b1e3d17594757\COMCTL32.dll
0x000007fefd4e0000 - 0x000007fefd551000 	C:\Windows\system32\SHLWAPI.dll
0x000007fefd2d0000 - 0x000007fefd2fe000 	C:\Windows\system32\IMM32.DLL
0x000007fefdc20000 - 0x000007fefdd29000 	C:\Windows\system32\MSCTF.dll
0x0000000058450000 - 0x0000000058522000 	C:\Program Files\Java\jdk1.8.0_60\jre\bin\msvcr100.dll
0x000000005b830000 - 0x000000005c0b9000 	C:\Program Files\Java\jdk1.8.0_60\jre\bin\server\jvm.dll
0x000007feedd40000 - 0x000007feedd49000 	C:\Windows\system32\WSOCK32.dll
0x000007fefe070000 - 0x000007fefe0bd000 	C:\Windows\system32\WS2_32.dll
0x000007fefddd0000 - 0x000007fefddd8000 	C:\Windows\system32\NSI.dll
0x000007fef91d0000 - 0x000007fef920b000 	C:\Windows\system32\WINMM.dll
0x000007fefbc50000 - 0x000007fefbc5c000 	C:\Windows\system32\VERSION.dll
0x0000000076fb0000 - 0x0000000076fb7000 	C:\Windows\system32\PSAPI.DLL
0x0000000074090000 - 0x000000007409f000 	C:\Program Files\Java\jdk1.8.0_60\jre\bin\verify.dll
0x0000000074060000 - 0x0000000074089000 	C:\Program Files\Java\jdk1.8.0_60\jre\bin\java.dll
0x0000000074040000 - 0x0000000074056000 	C:\Program Files\Java\jdk1.8.0_60\jre\bin\zip.dll
0x000007fefe220000 - 0x000007fefefaa000 	C:\Windows\system32\SHELL32.dll
0x000007fefd600000 - 0x000007fefd803000 	C:\Windows\system32\ole32.dll
0x000007fefcb60000 - 0x000007fefcb6f000 	C:\Windows\system32\profapi.dll
0x0000000074020000 - 0x000000007403a000 	C:\Program Files\Java\jdk1.8.0_60\jre\bin\net.dll
0x000007fefc300000 - 0x000007fefc355000 	C:\Windows\system32\mswsock.dll
0x000007fefc2f0000 - 0x000007fefc2f7000 	C:\Windows\System32\wship6.dll
0x000007fefbd20000 - 0x000007fefbd27000 	C:\Windows\System32\wshtcpip.dll
0x000007fefc180000 - 0x000007fefc1db000 	C:\Windows\system32\DNSAPI.dll
0x000007fefa880000 - 0x000007fefa8a7000 	C:\Windows\system32\IPHLPAPI.DLL
0x000007fefa770000 - 0x000007fefa77b000 	C:\Windows\system32\WINNSI.DLL
0x000007fef9da0000 - 0x000007fef9da8000 	C:\Windows\system32\rasadhlp.dll
0x000007fefa6e0000 - 0x000007fefa733000 	C:\Windows\System32\fwpuclnt.dll
0x000007fef3f80000 - 0x000007fef40a5000 	C:\Windows\system32\dbghelp.dll

VM Arguments:
jvm_args: -Dfile.encoding=UTF-8 
java_command: Main_REModule
java_class_path (initial): D:\JUN\MCMT\text_mining\naive_ver1.0\bin;C:\Users\admin\Desktop\public_mm\src\javaapi\dist\MetaMapApi.jar;C:\Users\admin\Desktop\public_mm\src\javaapi\dist\prologbeans.jar;D:\JUN\coreNLP\stanford-corenlp-full-2015-04-20\stanford-corenlp-full-2015-04-20\ejml-0.23.jar;D:\JUN\coreNLP\stanford-corenlp-full-2015-04-20\stanford-corenlp-full-2015-04-20\javax.json.jar;D:\JUN\coreNLP\stanford-corenlp-full-2015-04-20\stanford-corenlp-full-2015-04-20\joda-time.jar;D:\JUN\coreNLP\stanford-corenlp-full-2015-04-20\stanford-corenlp-full-2015-04-20\jollyday.jar;D:\JUN\coreNLP\stanford-corenlp-full-2015-04-20\stanford-corenlp-full-2015-04-20\protobuf.jar;D:\JUN\coreNLP\stanford-corenlp-full-2015-04-20\stanford-corenlp-full-2015-04-20\stanford-corenlp-3.5.2.jar;D:\JUN\coreNLP\stanford-corenlp-full-2015-04-20\stanford-corenlp-full-2015-04-20\stanford-corenlp-3.5.2-javadoc.jar;D:\JUN\coreNLP\stanford-corenlp-full-2015-04-20\stanford-corenlp-full-2015-04-20\stanford-corenlp-3.5.2-models.jar;D:\JUN\coreNLP\stanford-corenlp-full-2015-04-20\stanford-corenlp-full-2015-04-20\stanford-corenlp-3.5.2-sources.jar;D:\JUN\coreNLP\stanford-corenlp-full-2015-04-20\stanford-corenlp-full-2015-04-20\xom.jar;D:\jar\lingpipe-4.1.0.jar
Launcher Type: SUN_STANDARD

Environment Variables:
JAVA_HOME=C:\Program Files\Java\jdk1.8.0_60
PATH=C:/Program Files/Java/jdk1.8.0_60/jre/bin/server;C:/Program Files/Java/jdk1.8.0_60/jre/bin;C:/Program Files/Java/jdk1.8.0_60/jre/lib/amd64;C:\ProgramData\Oracle\Java\javapath;C:\Program Files\Java\jdk1.8.0_60\bin;C:\Program Files (x86)\Intel\iCLS Client\;C:\Program Files\Intel\iCLS Client\;C:\Windows\system32;C:\Windows;C:\Windows\System32\Wbem;C:\Windows\System32\WindowsPowerShell\v1.0\;C:\Program Files\Intel\Intel(R) Management Engine Components\DAL;C:\Program Files (x86)\Intel\Intel(R) Management Engine Components\DAL;C:\Program Files\Intel\Intel(R) Management Engine Components\IPT;C:\Program Files (x86)\Intel\Intel(R) Management Engine Components\IPT\;C:\Python27\;C:\Python\Mymodules;C:\MinGW\bin;C:\Program Files\Bandizip\7z;D:\eclipse\eclipse;
USERNAME=admin
OS=Windows_NT
PROCESSOR_IDENTIFIER=Intel64 Family 6 Model 60 Stepping 3, GenuineIntel



---------------  S Y S T E M  ---------------

OS: Windows 7 , 64 bit Build 7601 (6.1.7601.19135)

CPU:total 8 (4 cores per cpu, 2 threads per core) family 6 model 60 stepping 3, cmov, cx8, fxsr, mmx, sse, sse2, sse3, ssse3, sse4.1, sse4.2, popcnt, avx, avx2, aes, clmul, erms, lzcnt, ht, tsc, tscinvbit, bmi1, bmi2

Memory: 4k page, physical 16651076k(5175940k free), swap 33300316k(20184020k free)

vm_info: Java HotSpot(TM) 64-Bit Server VM (25.60-b23) for windows-amd64 JRE (1.8.0_60-b27), built on Aug  4 2015 11:06:27 by "java_re" with MS VC++ 10.0 (VS2010)

time: Tue Feb 23 16:58:52 2016
elapsed time: 50 seconds (0d 0h 0m 50s)

