#
# A fatal error has been detected by the Java Runtime Environment:
#
#  EXCEPTION_ACCESS_VIOLATION (0xc0000005) at pc=0x000000005b968988, pid=3736, tid=6308
#
# JRE version: Java(TM) SE Runtime Environment (8.0_60-b27) (build 1.8.0_60-b27)
# Java VM: Java HotSpot(TM) 64-Bit Server VM (25.60-b23 mixed mode windows-amd64 compressed oops)
# Problematic frame:
# V  [jvm.dll+0x138988]
#
# Failed to write core dump. Minidumps are not enabled by default on client versions of Windows
#
# If you would like to submit a bug report, please visit:
#   http://bugreport.java.com/bugreport/crash.jsp
#

---------------  T H R E A D  ---------------

Current thread (0x00000000024da800):  GCTaskThread [stack: 0x0000000013390000,0x0000000013490000] [id=6308]

siginfo: ExceptionCode=0xc0000005, reading address 0xffffffffffffffff

Registers:
RAX=0x0000000013490000, RBX=0x0000000000012cfb, RCX=0x0000000000000000, RDX=0x0000000000000000
RSP=0x000000001348f5b0, RBP=0x000000001d5b0090, RSI=0x00000006eb4aa910, RDI=0x0000000008000000
R8 =0x007ffffffca31000, R9 =0x0000000000000000, R10=0x000000000000000c, R11=0x0000000000000000
R12=0x00000006eb4aa930, R13=0x0000000000000010, R14=0x00000006eb4aa8e0, R15=0x0000000000000010
RIP=0x000000005b968988, EFLAGS=0x0000000000010246

Top of Stack: (sp=0x000000001348f5b0)
0x000000001348f5b0:   00000006eb4aa8dc 000000005b943156
0x000000001348f5c0:   00000006eb4aa8e0 00000006eb4aa8d4
0x000000001348f5d0:   000000001d5b0090 000000005b968aa3
0x000000001348f5e0:   0000000000000000 00000000024dabb0
0x000000001348f5f0:   00000000024caa20 00000000001f7800
0x000000001348f600:   0000000000012cfb 000000005bc22170
0x000000001348f610:   000000001d5b0090 00000007b73e0630
0x000000001348f620:   000000005be795d8 000000005be795d8
0x000000001348f630:   00005c0900012c9f 00005c0a00012c9f
0x000000001348f640:   0000321f00012b1b 00000007b73e0630
0x000000001348f650:   00000006001f7800 000000005b968a11
0x000000001348f660:   000000001d5b0250 0000022f0000000a
0x000000001348f670:   00000000024da800 00000000024caa20
0x000000001348f680:   00000000024dabc0 00000000024dabb0
0x000000001348f690:   000000005be795d8 0000000000000007
0x000000001348f6a0:   000000001f709f30 0000000000000000 

Instructions: (pc=0x000000005b968988)
0x000000005b968968:   05 43 1c 6d 00 49 c1 e8 03 49 d3 e8 41 0f b6 c0
0x000000005b968978:   49 c1 e8 06 24 3f 0f b6 d0 48 8b 05 58 1c 6d 00
0x000000005b968988:   4a 8b 0c c0 48 0f a3 d1 72 3e 48 8b cf e8 16 0f
0x000000005b968998:   fd ff 84 c0 74 32 48 8b d7 48 8b cd e8 e7 dd fc 


Register to memory mapping:

RAX=0x0000000013490000 is an unknown value
RBX=0x0000000000012cfb is an unknown value
RCX=0x0000000000000000 is an unknown value
RDX=0x0000000000000000 is an unknown value
RSP=0x000000001348f5b0 is an unknown value
RBP=0x000000001d5b0090 is an unknown value
RSI=0x00000006eb4aa910 is pointing into object: 0x00000006eb4aa8e0
[Ljava.util.HashMap$Node; 
 - klass: 'java/util/HashMap$Node'[]
 - length: 16
RDI=0x0000000008000000 is an unknown value
R8 =0x007ffffffca31000 is an unknown value
R9 =0x0000000000000000 is an unknown value
R10=0x000000000000000c is an unknown value
R11=0x0000000000000000 is an unknown value
R12=0x00000006eb4aa930 is an oop
java.util.HashMap$Node 
 - klass: 'java/util/HashMap$Node'
R13=0x0000000000000010 is an unknown value
R14=0x00000006eb4aa8e0 is an oop
[Ljava.util.HashMap$Node; 
 - klass: 'java/util/HashMap$Node'[]
 - length: 16
R15=0x0000000000000010 is an unknown value


Stack: [0x0000000013390000,0x0000000013490000],  sp=0x000000001348f5b0,  free space=1021k
Native frames: (J=compiled Java code, j=interpreted, Vv=VM code, C=native code)
V  [jvm.dll+0x138988]
V  [jvm.dll+0x3f2170]
V  [jvm.dll+0x3efa20]
V  [jvm.dll+0x3ecfae]
V  [jvm.dll+0x299f6a]
C  [msvcr100.dll+0x21d9f]
C  [msvcr100.dll+0x21e3b]
C  [kernel32.dll+0x159ed]
C  [ntdll.dll+0x2b371]


---------------  P R O C E S S  ---------------

Java Threads: ( => current thread )
  0x000000001d728800 JavaThread "Service Thread" daemon [_thread_blocked, id=7848, stack(0x000000001f390000,0x000000001f490000)]
  0x000000001d67c800 JavaThread "C1 CompilerThread3" daemon [_thread_blocked, id=3516, stack(0x000000001ebf0000,0x000000001ecf0000)]
  0x000000001d67c000 JavaThread "C2 CompilerThread2" daemon [_thread_blocked, id=6036, stack(0x000000001f0e0000,0x000000001f1e0000)]
  0x000000001d675000 JavaThread "C2 CompilerThread1" daemon [_thread_blocked, id=6340, stack(0x000000001ef60000,0x000000001f060000)]
  0x000000001d653000 JavaThread "C2 CompilerThread0" daemon [_thread_blocked, id=6344, stack(0x000000001edb0000,0x000000001eeb0000)]
  0x000000001d65f800 JavaThread "Attach Listener" daemon [_thread_blocked, id=3996, stack(0x000000001eaf0000,0x000000001ebf0000)]
  0x000000001d65e800 JavaThread "Signal Dispatcher" daemon [_thread_blocked, id=6560, stack(0x000000001e840000,0x000000001e940000)]
  0x000000001c58e800 JavaThread "Finalizer" daemon [_thread_blocked, id=7376, stack(0x000000001e9e0000,0x000000001eae0000)]
  0x000000001c587800 JavaThread "Reference Handler" daemon [_thread_blocked, id=1992, stack(0x000000001e560000,0x000000001e660000)]
  0x000000000244e800 JavaThread "main" [_thread_blocked, id=3172, stack(0x0000000002830000,0x0000000002930000)]

Other Threads:
  0x000000001c581000 VMThread [stack: 0x000000001e700000,0x000000001e800000] [id=6248]
  0x000000001d6cf800 WatcherThread [stack: 0x000000001f490000,0x000000001f590000] [id=8160]

=>0x00000000024da800 (exited) GCTaskThread [stack: 0x0000000013390000,0x0000000013490000] [id=6308]

VM state:at safepoint (normal execution)

VM Mutex/Monitor currently owned by a thread:  ([mutex/lock_event])
[0x000000000244cbe0] Threads_lock - owner thread: 0x000000001c581000
[0x000000000244d0e0] Heap_lock - owner thread: 0x000000000244e800

Heap:
 PSYoungGen      total 795648K, used 275425K [0x000000076b500000, 0x00000007c0000000, 0x00000007c0000000)
  eden space 520192K, 0% used [0x000000076b500000,0x000000076b500000,0x000000078b100000)
  from space 275456K, 99% used [0x00000007af300000,0x00000007bfff8640,0x00000007c0000000)
  to   space 433664K, 0% used [0x000000078b100000,0x000000078b100000,0x00000007a5880000)
 ParOldGen       total 1006080K, used 872378K [0x00000006c1e00000, 0x00000006ff480000, 0x000000076b500000)
  object space 1006080K, 86% used [0x00000006c1e00000,0x00000006f71eeae8,0x00000006ff480000)
 Metaspace       used 7012K, capacity 7242K, committed 7552K, reserved 1056768K
  class space    used 728K, capacity 769K, committed 896K, reserved 1048576K

Card table byte_map: [0x0000000011cf0000,0x00000000124f0000] byte_map_base: 0x000000000e6e1000

Marking Bits: (ParMarkBitMap*) 0x000000005c03a5b0
 Begin Bits: [0x0000000013490000, 0x0000000017418000)
 End Bits:   [0x0000000017418000, 0x000000001b3a0000)

Polling page: 0x0000000000320000

CodeCache: size=245760Kb used=5242Kb max_used=5247Kb free=240517Kb
 bounds [0x0000000002930000, 0x0000000002e60000, 0x0000000011930000]
 total_blobs=1321 nmethods=1039 adapters=195
 compilation: enabled

Compilation events (10 events):
Event: 11.587 Thread 0x000000001d67c800 1035       3       java.lang.ref.Finalizer::hasBeenFinalized (14 bytes)
Event: 11.587 Thread 0x000000001d67c800 nmethod 1035 0x0000000002dce690 code [0x0000000002dce7e0, 0x0000000002dce990]
Event: 11.587 Thread 0x000000001d67c800 1036   !   3       java.lang.ref.Finalizer::remove (94 bytes)
Event: 11.587 Thread 0x000000001d67c800 nmethod 1036 0x0000000002e38110 code [0x0000000002e38280, 0x0000000002e38790]
Event: 11.587 Thread 0x000000001d67c800 1037       3       java.lang.System$2::invokeFinalize (5 bytes)
Event: 11.588 Thread 0x000000001d67c800 nmethod 1037 0x0000000002e37cd0 code [0x0000000002e37e40, 0x0000000002e38068]
Event: 11.588 Thread 0x000000001d67c800 1038       3       java.lang.ref.Reference::clear (6 bytes)
Event: 11.588 Thread 0x000000001d67c800 nmethod 1038 0x0000000002e37990 code [0x0000000002e37ae0, 0x0000000002e37c50]
Event: 11.588 Thread 0x000000001d67c800 1039   !   3       java.lang.ref.ReferenceQueue::remove (125 bytes)
Event: 11.588 Thread 0x000000001d67c800 nmethod 1039 0x0000000002e36b10 code [0x0000000002e36ce0, 0x0000000002e37598]

GC Heap History (10 events):
Event: 2.274 GC heap after
Heap after GC invocations=8 (full 0):
 PSYoungGen      total 1012736K, used 27630K [0x000000076b500000, 0x00000007b6700000, 0x00000007c0000000)
  eden space 985088K, 0% used [0x000000076b500000,0x000000076b500000,0x00000007a7700000)
  from space 27648K, 99% used [0x00000007ad000000,0x00000007aeafb970,0x00000007aeb00000)
  to   space 91136K, 0% used [0x00000007a7700000,0x00000007a7700000,0x00000007ad000000)
 ParOldGen       total 175104K, used 164343K [0x00000006c1e00000, 0x00000006cc900000, 0x000000076b500000)
  object space 175104K, 93% used [0x00000006c1e00000,0x00000006cbe7dcd0,0x00000006cc900000)
 Metaspace       used 5690K, capacity 6174K, committed 6272K, reserved 1056768K
  class space    used 593K, capacity 631K, committed 640K, reserved 1048576K
}
Event: 2.274 GC heap before
{Heap before GC invocations=9 (full 1):
 PSYoungGen      total 1012736K, used 27630K [0x000000076b500000, 0x00000007b6700000, 0x00000007c0000000)
  eden space 985088K, 0% used [0x000000076b500000,0x000000076b500000,0x00000007a7700000)
  from space 27648K, 99% used [0x00000007ad000000,0x00000007aeafb970,0x00000007aeb00000)
  to   space 91136K, 0% used [0x00000007a7700000,0x00000007a7700000,0x00000007ad000000)
 ParOldGen       total 175104K, used 164343K [0x00000006c1e00000, 0x00000006cc900000, 0x000000076b500000)
  object space 175104K, 93% used [0x00000006c1e00000,0x00000006cbe7dcd0,0x00000006cc900000)
 Metaspace       used 5690K, capacity 6174K, committed 6272K, reserved 1056768K
  class space    used 593K, capacity 631K, committed 640K, reserved 1048576K
Event: 2.485 GC heap after
Heap after GC invocations=9 (full 1):
 PSYoungGen      total 1012736K, used 12183K [0x000000076b500000, 0x00000007b6700000, 0x00000007c0000000)
  eden space 985088K, 0% used [0x000000076b500000,0x000000076b500000,0x00000007a7700000)
  from space 27648K, 44% used [0x00000007ad000000,0x00000007adbe5fa8,0x00000007aeb00000)
  to   space 91136K, 0% used [0x00000007a7700000,0x00000007a7700000,0x00000007ad000000)
 ParOldGen       total 357888K, used 174946K [0x00000006c1e00000, 0x00000006d7b80000, 0x000000076b500000)
  object space 357888K, 48% used [0x00000006c1e00000,0x00000006cc8d89a8,0x00000006d7b80000)
 Metaspace       used 5690K, capacity 6174K, committed 6272K, reserved 1056768K
  class space    used 593K, capacity 631K, committed 640K, reserved 1048576K
}
Event: 9.578 GC heap before
{Heap before GC invocations=10 (full 1):
 PSYoungGen      total 1012736K, used 997271K [0x000000076b500000, 0x00000007b6700000, 0x00000007c0000000)
  eden space 985088K, 100% used [0x000000076b500000,0x00000007a7700000,0x00000007a7700000)
  from space 27648K, 44% used [0x00000007ad000000,0x00000007adbe5fa8,0x00000007aeb00000)
  to   space 91136K, 0% used [0x00000007a7700000,0x00000007a7700000,0x00000007ad000000)
 ParOldGen       total 357888K, used 174946K [0x00000006c1e00000, 0x00000006d7b80000, 0x000000076b500000)
  object space 357888K, 48% used [0x00000006c1e00000,0x00000006cc8d89a8,0x00000006d7b80000)
 Metaspace       used 7009K, capacity 7242K, committed 7552K, reserved 1056768K
  class space    used 728K, capacity 769K, committed 896K, reserved 1048576K
Event: 9.800 GC heap after
Heap after GC invocations=10 (full 1):
 PSYoungGen      total 1076224K, used 91113K [0x000000076b500000, 0x00000007c0000000, 0x00000007c0000000)
  eden space 985088K, 0% used [0x000000076b500000,0x000000076b500000,0x00000007a7700000)
  from space 91136K, 99% used [0x00000007a7700000,0x00000007acffa5e0,0x00000007ad000000)
  to   space 275456K, 0% used [0x00000007af300000,0x00000007af300000,0x00000007c0000000)
 ParOldGen       total 587776K, used 587623K [0x00000006c1e00000, 0x00000006e5c00000, 0x000000076b500000)
  object space 587776K, 99% used [0x00000006c1e00000,0x00000006e5bd9f70,0x00000006e5c00000)
 Metaspace       used 7009K, capacity 7242K, committed 7552K, reserved 1056768K
  class space    used 728K, capacity 769K, committed 896K, reserved 1048576K
}
Event: 9.800 GC heap before
{Heap before GC invocations=11 (full 2):
 PSYoungGen      total 1076224K, used 91113K [0x000000076b500000, 0x00000007c0000000, 0x00000007c0000000)
  eden space 985088K, 0% used [0x000000076b500000,0x000000076b500000,0x00000007a7700000)
  from space 91136K, 99% used [0x00000007a7700000,0x00000007acffa5e0,0x00000007ad000000)
  to   space 275456K, 0% used [0x00000007af300000,0x00000007af300000,0x00000007c0000000)
 ParOldGen       total 587776K, used 587623K [0x00000006c1e00000, 0x00000006e5c00000, 0x000000076b500000)
  object space 587776K, 99% used [0x00000006c1e00000,0x00000006e5bd9f70,0x00000006e5c00000)
 Metaspace       used 7009K, capacity 7242K, committed 7552K, reserved 1056768K
  class space    used 728K, capacity 769K, committed 896K, reserved 1048576K
Event: 11.586 GC heap after
Heap after GC invocations=11 (full 2):
 PSYoungGen      total 1076224K, used 89637K [0x000000076b500000, 0x00000007c0000000, 0x00000007c0000000)
  eden space 985088K, 0% used [0x000000076b500000,0x000000076b500000,0x00000007a7700000)
  from space 91136K, 98% used [0x00000007a7700000,0x00000007ace896d0,0x00000007ad000000)
  to   space 275456K, 0% used [0x00000007af300000,0x00000007af300000,0x00000007c0000000)
 ParOldGen       total 1006080K, used 585435K [0x00000006c1e00000, 0x00000006ff480000, 0x000000076b500000)
  object space 1006080K, 58% used [0x00000006c1e00000,0x00000006e59b6da8,0x00000006ff480000)
 Metaspace       used 7009K, capacity 7242K, committed 7552K, reserved 1056768K
  class space    used 728K, capacity 769K, committed 896K, reserved 1048576K
}
Event: 12.294 GC heap before
{Heap before GC invocations=12 (full 2):
 PSYoungGen      total 1076224K, used 1074725K [0x000000076b500000, 0x00000007c0000000, 0x00000007c0000000)
  eden space 985088K, 100% used [0x000000076b500000,0x00000007a7700000,0x00000007a7700000)
  from space 91136K, 98% used [0x00000007a7700000,0x00000007ace896d0,0x00000007ad000000)
  to   space 275456K, 0% used [0x00000007af300000,0x00000007af300000,0x00000007c0000000)
 ParOldGen       total 1006080K, used 585435K [0x00000006c1e00000, 0x00000006ff480000, 0x000000076b500000)
  object space 1006080K, 58% used [0x00000006c1e00000,0x00000006e59b6da8,0x00000006ff480000)
 Metaspace       used 7012K, capacity 7242K, committed 7552K, reserved 1056768K
  class space    used 728K, capacity 769K, committed 896K, reserved 1048576K
Event: 12.596 GC heap after
Heap after GC invocations=12 (full 2):
 PSYoungGen      total 795648K, used 275425K [0x000000076b500000, 0x00000007c0000000, 0x00000007c0000000)
  eden space 520192K, 0% used [0x000000076b500000,0x000000076b500000,0x000000078b100000)
  from space 275456K, 99% used [0x00000007af300000,0x00000007bfff8640,0x00000007c0000000)
  to   space 433664K, 0% used [0x000000078b100000,0x000000078b100000,0x00000007a5880000)
 ParOldGen       total 1006080K, used 872378K [0x00000006c1e00000, 0x00000006ff480000, 0x000000076b500000)
  object space 1006080K, 86% used [0x00000006c1e00000,0x00000006f71eeae8,0x00000006ff480000)
 Metaspace       used 7012K, capacity 7242K, committed 7552K, reserved 1056768K
  class space    used 728K, capacity 769K, committed 896K, reserved 1048576K
}
Event: 12.596 GC heap before
{Heap before GC invocations=13 (full 3):
 PSYoungGen      total 795648K, used 275425K [0x000000076b500000, 0x00000007c0000000, 0x00000007c0000000)
  eden space 520192K, 0% used [0x000000076b500000,0x000000076b500000,0x000000078b100000)
  from space 275456K, 99% used [0x00000007af300000,0x00000007bfff8640,0x00000007c0000000)
  to   space 433664K, 0% used [0x000000078b100000,0x000000078b100000,0x00000007a5880000)
 ParOldGen       total 1006080K, used 872378K [0x00000006c1e00000, 0x00000006ff480000, 0x000000076b500000)
  object space 1006080K, 86% used [0x00000006c1e00000,0x00000006f71eeae8,0x00000006ff480000)
 Metaspace       used 7012K, capacity 7242K, committed 7552K, reserved 1056768K
  class space    used 728K, capacity 769K, committed 896K, reserved 1048576K

Deoptimization events (10 events):
Event: 8.714 Thread 0x000000000244e800 Uncommon trap: reason=class_check action=maybe_recompile pc=0x0000000002d82b60 method=java.util.HashSet.add(Ljava/lang/Object;)Z @ 8
Event: 8.715 Thread 0x000000000244e800 Uncommon trap: reason=class_check action=maybe_recompile pc=0x0000000002d82b60 method=java.util.HashSet.add(Ljava/lang/Object;)Z @ 8
Event: 8.718 Thread 0x000000000244e800 Uncommon trap: reason=class_check action=maybe_recompile pc=0x0000000002c060b0 method=sun.nio.cs.StreamDecoder.readBytes()I @ 135
Event: 8.725 Thread 0x000000000244e800 Uncommon trap: reason=class_check action=maybe_recompile pc=0x0000000002c060b0 method=sun.nio.cs.StreamDecoder.readBytes()I @ 135
Event: 8.725 Thread 0x000000000244e800 Uncommon trap: reason=class_check action=maybe_recompile pc=0x0000000002c060b0 method=sun.nio.cs.StreamDecoder.readBytes()I @ 135
Event: 8.761 Thread 0x000000000244e800 Uncommon trap: reason=unstable_if action=reinterpret pc=0x0000000002dd936c method=java.util.HashMap.getNode(ILjava/lang/Object;)Ljava/util/HashMap$Node; @ 62
Event: 8.780 Thread 0x000000000244e800 Uncommon trap: reason=unstable_if action=reinterpret pc=0x0000000002dd0af8 method=java.util.HashMap.getNode(ILjava/lang/Object;)Ljava/util/HashMap$Node; @ 62
Event: 8.793 Thread 0x000000000244e800 Uncommon trap: reason=unstable_if action=reinterpret pc=0x0000000002d96544 method=java.util.HashMap.getNode(ILjava/lang/Object;)Ljava/util/HashMap$Node; @ 129
Event: 8.819 Thread 0x000000000244e800 Uncommon trap: reason=unstable_if action=reinterpret pc=0x0000000002dcd170 method=java.util.HashMap.getNode(ILjava/lang/Object;)Ljava/util/HashMap$Node; @ 129
Event: 8.914 Thread 0x000000000244e800 Uncommon trap: reason=unstable_if action=reinterpret pc=0x0000000002dcb668 method=java.util.HashMap$TreeNode.split(Ljava/util/HashMap;[Ljava/util/HashMap$Node;II)V @ 140

Internal exceptions (7 events):
Event: 0.033 Thread 0x000000000244e800 Exception <a 'java/lang/NoSuchMethodError': Method sun.misc.Unsafe.defineClass(Ljava/lang/String;[BII)Ljava/lang/Class; name or signature does not match> (0x000000076b513088) thrown at [C:\re\workspace\8-2-build-windows-amd64-cygwin\jdk8u60\4407\hotspot\srÂ(ýá¦	¡?
Event: 0.033 Thread 0x000000000244e800 Exception <a 'java/lang/NoSuchMethodError': Method sun.misc.Unsafe.prefetchRead(Ljava/lang/Object;J)V name or signature does not match> (0x000000076b513370) thrown at [C:\re\workspace\8-2-build-windows-amd64-cygwin\jdk8u60\4407\hotspot\src\share\vm\prims\j5¸¨sO;È?
Event: 0.189 Thread 0x000000000244e800 Exception <a 'java/security/PrivilegedActionException'> (0x000000076c761780) thrown at [C:\re\workspace\8-2-build-windows-amd64-cygwin\jdk8u60\4407\hotspot\src\share\vm\prims\jvm.cpp, line 1386]
Event: 0.189 Thread 0x000000000244e800 Exception <a 'java/security/PrivilegedActionException'> (0x000000076c761b78) thrown at [C:\re\workspace\8-2-build-windows-amd64-cygwin\jdk8u60\4407\hotspot\src\share\vm\prims\jvm.cpp, line 1386]
Event: 0.190 Thread 0x000000000244e800 Exception <a 'java/security/PrivilegedActionException'> (0x000000076c765e68) thrown at [C:\re\workspace\8-2-build-windows-amd64-cygwin\jdk8u60\4407\hotspot\src\share\vm\prims\jvm.cpp, line 1386]
Event: 0.190 Thread 0x000000000244e800 Exception <a 'java/security/PrivilegedActionException'> (0x000000076c766260) thrown at [C:\re\workspace\8-2-build-windows-amd64-cygwin\jdk8u60\4407\hotspot\src\share\vm\prims\jvm.cpp, line 1386]
Event: 3.777 Thread 0x000000000244e800 Implicit null exception at 0x0000000002d1a9b8 to 0x0000000002d1aea1

Events (10 events):
Event: 8.915 Thread 0x000000000244e800 DEOPT UNPACKING pc=0x000000000297582a sp=0x000000000292ec30 mode 2
Event: 8.923 Thread 0x000000000244e800 DEOPT PACKING pc=0x0000000002de9353 sp=0x000000000292eef0
Event: 8.923 Thread 0x000000000244e800 DEOPT UNPACKING pc=0x000000000297787f sp=0x000000000292ef38 mode 0
Event: 9.578 Executing VM operation: ParallelGCFailedAllocation
Event: 11.586 Executing VM operation: ParallelGCFailedAllocation done
Event: 11.587 Executing VM operation: RevokeBias
Event: 11.587 Executing VM operation: RevokeBias done
Event: 11.587 Executing VM operation: RevokeBias
Event: 11.587 Executing VM operation: RevokeBias done
Event: 12.294 Executing VM operation: ParallelGCFailedAllocation


Dynamic libraries:
0x000000013fe80000 - 0x000000013feb7000 	C:\Program Files\Java\jdk1.8.0_60\bin\javaw.exe
0x0000000076de0000 - 0x0000000076f8a000 	C:\Windows\SYSTEM32\ntdll.dll
0x0000000076cc0000 - 0x0000000076ddf000 	C:\Windows\system32\kernel32.dll
0x000007fefce90000 - 0x000007fefcefb000 	C:\Windows\system32\KERNELBASE.dll
0x000007fefcf20000 - 0x000007fefcffb000 	C:\Windows\system32\ADVAPI32.dll
0x000007fefdd30000 - 0x000007fefddcf000 	C:\Windows\system32\msvcrt.dll
0x000007fefdc00000 - 0x000007fefdc1f000 	C:\Windows\SYSTEM32\sechost.dll
0x000007fefda40000 - 0x000007fefdb6d000 	C:\Windows\system32\RPCRT4.dll
0x0000000076bc0000 - 0x0000000076cba000 	C:\Windows\system32\USER32.dll
0x000007fefe190000 - 0x000007fefe1f7000 	C:\Windows\system32\GDI32.dll
0x000007fefdb70000 - 0x000007fefdb7e000 	C:\Windows\system32\LPK.dll
0x000007fefe0c0000 - 0x000007fefe18a000 	C:\Windows\system32\USP10.dll
0x000007fefb5c0000 - 0x000007fefb7b4000 	C:\Windows\WinSxS\amd64_microsoft.windows.common-controls_6595b64144ccf1df_6.0.7601.18837_none_fa3b1e3d17594757\COMCTL32.dll
0x000007fefd4e0000 - 0x000007fefd551000 	C:\Windows\system32\SHLWAPI.dll
0x000007fefd2d0000 - 0x000007fefd2fe000 	C:\Windows\system32\IMM32.DLL
0x000007fefdc20000 - 0x000007fefdd29000 	C:\Windows\system32\MSCTF.dll
0x00000000668f0000 - 0x00000000669c2000 	C:\Program Files\Java\jdk1.8.0_60\jre\bin\msvcr100.dll
0x000000005b830000 - 0x000000005c0b9000 	C:\Program Files\Java\jdk1.8.0_60\jre\bin\server\jvm.dll
0x000007feedd40000 - 0x000007feedd49000 	C:\Windows\system32\WSOCK32.dll
0x000007fefe070000 - 0x000007fefe0bd000 	C:\Windows\system32\WS2_32.dll
0x000007fefddd0000 - 0x000007fefddd8000 	C:\Windows\system32\NSI.dll
0x000007fef91d0000 - 0x000007fef920b000 	C:\Windows\system32\WINMM.dll
0x000007fefbc50000 - 0x000007fefbc5c000 	C:\Windows\system32\VERSION.dll
0x0000000076fb0000 - 0x0000000076fb7000 	C:\Windows\system32\PSAPI.DLL
0x0000000074090000 - 0x000000007409f000 	C:\Program Files\Java\jdk1.8.0_60\jre\bin\verify.dll
0x0000000074060000 - 0x0000000074089000 	C:\Program Files\Java\jdk1.8.0_60\jre\bin\java.dll
0x0000000074040000 - 0x0000000074056000 	C:\Program Files\Java\jdk1.8.0_60\jre\bin\zip.dll
0x000007fefe220000 - 0x000007fefefaa000 	C:\Windows\system32\SHELL32.dll
0x000007fefd600000 - 0x000007fefd803000 	C:\Windows\system32\ole32.dll
0x000007fefcb60000 - 0x000007fefcb6f000 	C:\Windows\system32\profapi.dll
0x000007fef3f80000 - 0x000007fef40a5000 	C:\Windows\system32\dbghelp.dll

VM Arguments:
jvm_args: -Dfile.encoding=UTF-8 
java_command: Main_REModule
java_class_path (initial): D:\JUN\MCMT\text_mining\naive_ver1.0\bin;C:\Users\admin\Desktop\public_mm\src\javaapi\dist\MetaMapApi.jar;C:\Users\admin\Desktop\public_mm\src\javaapi\dist\prologbeans.jar;D:\JUN\coreNLP\stanford-corenlp-full-2015-04-20\stanford-corenlp-full-2015-04-20\ejml-0.23.jar;D:\JUN\coreNLP\stanford-corenlp-full-2015-04-20\stanford-corenlp-full-2015-04-20\javax.json.jar;D:\JUN\coreNLP\stanford-corenlp-full-2015-04-20\stanford-corenlp-full-2015-04-20\joda-time.jar;D:\JUN\coreNLP\stanford-corenlp-full-2015-04-20\stanford-corenlp-full-2015-04-20\jollyday.jar;D:\JUN\coreNLP\stanford-corenlp-full-2015-04-20\stanford-corenlp-full-2015-04-20\protobuf.jar;D:\JUN\coreNLP\stanford-corenlp-full-2015-04-20\stanford-corenlp-full-2015-04-20\stanford-corenlp-3.5.2.jar;D:\JUN\coreNLP\stanford-corenlp-full-2015-04-20\stanford-corenlp-full-2015-04-20\stanford-corenlp-3.5.2-javadoc.jar;D:\JUN\coreNLP\stanford-corenlp-full-2015-04-20\stanford-corenlp-full-2015-04-20\stanford-corenlp-3.5.2-models.jar;D:\JUN\coreNLP\stanford-corenlp-full-2015-04-20\stanford-corenlp-full-2015-04-20\stanford-corenlp-3.5.2-sources.jar;D:\JUN\coreNLP\stanford-corenlp-full-2015-04-20\stanford-corenlp-full-2015-04-20\xom.jar;D:\jar\lingpipe-4.1.0.jar
Launcher Type: SUN_STANDARD

Environment Variables:
JAVA_HOME=C:\Program Files\Java\jdk1.8.0_60
PATH=C:/Program Files/Java/jdk1.8.0_60/jre/bin/server;C:/Program Files/Java/jdk1.8.0_60/jre/bin;C:/Program Files/Java/jdk1.8.0_60/jre/lib/amd64;C:\ProgramData\Oracle\Java\javapath;C:\Program Files\Java\jdk1.8.0_60\bin;C:\Program Files (x86)\Intel\iCLS Client\;C:\Program Files\Intel\iCLS Client\;C:\Windows\system32;C:\Windows;C:\Windows\System32\Wbem;C:\Windows\System32\WindowsPowerShell\v1.0\;C:\Program Files\Intel\Intel(R) Management Engine Components\DAL;C:\Program Files (x86)\Intel\Intel(R) Management Engine Components\DAL;C:\Program Files\Intel\Intel(R) Management Engine Components\IPT;C:\Program Files (x86)\Intel\Intel(R) Management Engine Components\IPT\;C:\Python27\;C:\Python\Mymodules;C:\MinGW\bin;C:\Program Files\Bandizip\7z;D:\eclipse\eclipse;
USERNAME=admin
OS=Windows_NT
PROCESSOR_IDENTIFIER=Intel64 Family 6 Model 60 Stepping 3, GenuineIntel



---------------  S Y S T E M  ---------------

OS: Windows 7 , 64 bit Build 7601 (6.1.7601.19135)

CPU:total 8 (4 cores per cpu, 2 threads per core) family 6 model 60 stepping 3, cmov, cx8, fxsr, mmx, sse, sse2, sse3, ssse3, sse4.1, sse4.2, popcnt, avx, avx2, aes, clmul, erms, lzcnt, ht, tsc, tscinvbit, bmi1, bmi2

Memory: 4k page, physical 16651076k(8431640k free), swap 33300316k(23095576k free)

vm_info: Java HotSpot(TM) 64-Bit Server VM (25.60-b23) for windows-amd64 JRE (1.8.0_60-b27), built on Aug  4 2015 11:06:27 by "java_re" with MS VC++ 10.0 (VS2010)

time: Tue Feb 23 16:03:15 2016
elapsed time: 13 seconds (0d 0h 0m 13s)

